Arguments: 
  C:\Program Files\nodejs\node.exe C:\Users\a2602\AppData\Roaming\npm\node_modules\yarn\bin\yarn.js add mavonEditor

PATH: 
  C:\ProgramData\Oracle\Java\javapath;C:\Program Files (x86)\NetSarang\Xshell 6\;C:\Windows\system32;C:\Windows;C:\Windows\System32\Wbem;C:\Windows\System32\WindowsPowerShell\v1.0\;C:\Windows\System32\OpenSSH\;C:\Program Files (x86)\NVIDIA Corporation\PhysX\Common;C:\Program Files\NVIDIA Corporation\NVIDIA NvDLISR;C:\Program Files\dotnet\;C:\Program Files\Java\jdk-12.0.1\bin;"C:\Program Files\Java\jdk-12.0.1\jre\bin;";C:\Program Files\Common Files\Autodesk Shared\;C:\Program Files (x86)\ZeroTier\One\;C:\WINDOWS\system32;C:\WINDOWS;C:\WINDOWS\System32\Wbem;C:\WINDOWS\System32\WindowsPowerShell\v1.0\;C:\WINDOWS\System32\OpenSSH\;C:\Program Files\Git\cmd;C:\Program Files\nodejs\;C:\Program Files\MySQL\MySQL Shell 8.0\bin\;C:\Users\a2602\AppData\Local\Programs\Python\Python37-32\Scripts\;C:\Users\a2602\AppData\Local\Programs\Python\Python37-32\;C:\Users\a2602\AppData\Local\Microsoft\WindowsApps;C:\Program Files\JetBrains\WebStorm 2019.1.3\bin;C:\Program Files\JetBrains\PyCharm Community Edition 2019.1.3\bin;C:\Users\a2602\AppData\Local\Programs\Microsoft VS Code\bin;C:\Program Files\Bandizip\;C:\Users\a2602\AppData\Local\Microsoft\WindowsApps;C:\Program Files\JetBrains\IntelliJ IDEA Community Edition 2020.1.2\bin;;C:\Program Files\Java\apache-maven-3.6.3\bin;C:\Program Files\Java\jdk-11.0.7\bin;C:\Program Files\Java\apache-maven-3.6.3\bin;C:\Users\a2602\AppData\Roaming\npm

Yarn version: 
  1.22.4

Node version: 
  14.5.0

Platform: 
  win32 x64

Trace: 
  Error: https://registry.npm.taobao.org/mavonEditor: Not found
      at Request.params.callback [as _callback] (C:\Users\a2602\AppData\Roaming\npm\node_modules\yarn\lib\cli.js:66987:18)
      at Request.self.callback (C:\Users\a2602\AppData\Roaming\npm\node_modules\yarn\lib\cli.js:140748:22)
      at Request.emit (events.js:314:20)
      at Request.<anonymous> (C:\Users\a2602\AppData\Roaming\npm\node_modules\yarn\lib\cli.js:141720:10)
      at Request.emit (events.js:314:20)
      at IncomingMessage.<anonymous> (C:\Users\a2602\AppData\Roaming\npm\node_modules\yarn\lib\cli.js:141642:12)
      at Object.onceWrapper (events.js:420:28)
      at IncomingMessage.emit (events.js:326:22)
      at endReadableNT (_stream_readable.js:1226:12)
      at processTicksAndRejections (internal/process/task_queues.js:80:21)

npm manifest: 
  No manifest

yarn manifest: 
  No manifest

Lockfile: 
  No lockfile
